<?xml version="1.0" encoding="UTF-8"?>
<!-- Generated by org.testng.reporters.JUnitReportReporter -->
<testsuite skipped="0" hostname="SDS-V-MUTHU-MAC.local" name="tests.api.TEST_api_make_cod_order" tests="1" failures="0" timestamp="05 Apr 2019 15:03:22 GMT" time="13.101" errors="0">
  <testcase name="make_cod_order_using_api" time="13.101" classname="tests.api.TEST_api_make_cod_order"/>
</testsuite> <!-- tests.api.TEST_api_make_cod_order -->
