<?xml version="1.0" encoding="UTF-8"?>
<!-- Generated by org.testng.reporters.JUnitReportReporter -->
<testsuite skipped="0" hostname="SDS-V-MUTHU-MAC" name="api.Test2" tests="1" failures="0" timestamp="01 Apr 2019 18:23:12 GMT" time="0.007" errors="0">
  <testcase name="test12" time="0.007" classname="api.Test2"/>
</testsuite> <!-- api.Test2 -->
