<?xml version="1.0" encoding="UTF-8"?>
<!-- Generated by org.testng.reporters.JUnitReportReporter -->
<testsuite skipped="0" hostname="DESKTOP-EJN61JQ" name="tests.Login.TEST_login_invalid_credentails" tests="1" failures="0" timestamp="12 Aug 2019 20:46:24 GMT" time="6.213" errors="0">
  <testcase name="user_tries_invalid_id_password_Test" time="6.213" classname="tests.Login.TEST_login_invalid_credentails"/>
</testsuite> <!-- tests.Login.TEST_login_invalid_credentails -->
