<?xml version="1.0" encoding="UTF-8"?>
<!-- Generated by org.testng.reporters.JUnitReportReporter -->
<testsuite skipped="0" hostname="SDS-V-MUTHU-MAC" name="tests.api.Test2" tests="4" failures="0" timestamp="01 Apr 2019 18:31:26 GMT" time="0.040" errors="0">
  <testcase name="test12" time="0.010" classname="tests.api.Test2"/>
  <testcase name="test123" time="0.010" classname="tests.api.Test2"/>
  <testcase name="test124" time="0.010" classname="tests.api.Test2"/>
  <testcase name="test125" time="0.010" classname="tests.api.Test2"/>
</testsuite> <!-- tests.api.Test2 -->
