<?xml version="1.0" encoding="UTF-8"?>
<!-- Generated by org.testng.reporters.JUnitReportReporter -->
<testsuite skipped="0" hostname="SDS-V-MUTHU-MAC.local" name="tests.api.TEST_api_create_orders_cz" tests="19" failures="0" timestamp="04 May 2019 08:34:52 GMT" time="205.492" errors="0">
  <testcase name="cz_create_order_using_api" time="14.453" classname="tests.api.TEST_api_create_orders_cz"/>
  <testcase name="cz_create_order_using_api" time="10.408" classname="tests.api.TEST_api_create_orders_cz"/>
  <testcase name="cz_create_order_using_api" time="9.799" classname="tests.api.TEST_api_create_orders_cz"/>
  <testcase name="cz_create_order_using_api" time="15.264" classname="tests.api.TEST_api_create_orders_cz"/>
  <testcase name="cz_create_order_using_api" time="10.691" classname="tests.api.TEST_api_create_orders_cz"/>
  <testcase name="cz_create_order_using_api" time="9.502" classname="tests.api.TEST_api_create_orders_cz"/>
  <testcase name="cz_create_order_using_api" time="9.812" classname="tests.api.TEST_api_create_orders_cz"/>
  <testcase name="cz_create_order_using_api" time="10.168" classname="tests.api.TEST_api_create_orders_cz"/>
  <testcase name="cz_create_order_using_api" time="11.328" classname="tests.api.TEST_api_create_orders_cz"/>
  <testcase name="cz_create_order_using_api" time="15.688" classname="tests.api.TEST_api_create_orders_cz"/>
  <testcase name="cz_create_order_using_api" time="9.418" classname="tests.api.TEST_api_create_orders_cz"/>
  <testcase name="cz_create_order_using_api" time="9.645" classname="tests.api.TEST_api_create_orders_cz"/>
  <testcase name="cz_create_order_using_api" time="9.581" classname="tests.api.TEST_api_create_orders_cz"/>
  <testcase name="cz_create_order_using_api" time="9.576" classname="tests.api.TEST_api_create_orders_cz"/>
  <testcase name="cz_create_order_using_api" time="10.361" classname="tests.api.TEST_api_create_orders_cz"/>
  <testcase name="cz_create_order_using_api" time="10.434" classname="tests.api.TEST_api_create_orders_cz"/>
  <testcase name="cz_create_order_using_api" time="9.932" classname="tests.api.TEST_api_create_orders_cz"/>
  <testcase name="cz_create_order_using_api" time="9.397" classname="tests.api.TEST_api_create_orders_cz"/>
  <testcase name="cz_create_order_using_api" time="10.035" classname="tests.api.TEST_api_create_orders_cz"/>
</testsuite> <!-- tests.api.TEST_api_create_orders_cz -->
