<?xml version="1.0" encoding="UTF-8"?>
<!-- Generated by org.testng.reporters.JUnitReportReporter -->
<testsuite skipped="0" hostname="SDS-V-MUTHU-MAC.local" name="tests.api.TestDataProvider" tests="3" failures="0" timestamp="27 Apr 2019 06:51:22 GMT" time="0.009" errors="0">
  <testcase name="instanceDbProvider" time="0.001" classname="tests.api.TestDataProvider"/>
  <testcase name="instanceDbProvider" time="0.001" classname="tests.api.TestDataProvider"/>
  <testcase name="instanceDbProvider" time="0.007" classname="tests.api.TestDataProvider"/>
</testsuite> <!-- tests.api.TestDataProvider -->
